<?xml version="1.0" encoding="UTF-8"?>
<!-- Generated by org.testng.reporters.JUnitXMLReporter -->
<testsuite ignored="0" hostname="LAPTOP-11NEL4AN" failures="2" tests="2" name="TestCRM" time="18.86" errors="0" timestamp="2024-10-06T19:50:06 IST">
  <testcase classname="com.crm.qa.testcases.LoginPageTest" name="loginPageTitle" time="0.02">
    <failure type="java.lang.NullPointerException" message="Cannot invoke &amp;quot;com.crm.qa.pages.LoginPage.validateLoginPagetitle()&amp;quot; because &amp;quot;this.loginPage&amp;quot; is null">
      <![CDATA[java.lang.NullPointerException: Cannot invoke "com.crm.qa.pages.LoginPage.validateLoginPagetitle()" because "this.loginPage" is null
at com.crm.qa.testcases.LoginPageTest.loginPageTitle(LoginPageTest.java:26)
at java.base/java.util.ArrayList.forEach(ArrayList.java:1511)
... Removed 25 stack frames]]>
    </failure>
  </testcase> <!-- loginPageTitle -->
  <testcase classname="com.crm.qa.testcases.LoginPageTest" name="loginTest" time="0.008">
    <failure type="java.lang.NullPointerException" message="Cannot invoke &amp;quot;com.crm.qa.pages.LoginPage.login(String, String)&amp;quot; because &amp;quot;this.loginPage&amp;quot; is null">
      <![CDATA[java.lang.NullPointerException: Cannot invoke "com.crm.qa.pages.LoginPage.login(String, String)" because "this.loginPage" is null
at com.crm.qa.testcases.LoginPageTest.loginTest(LoginPageTest.java:31)
at java.base/java.util.ArrayList.forEach(ArrayList.java:1511)
... Removed 25 stack frames]]>
    </failure>
  </testcase> <!-- loginTest -->
</testsuite> <!-- TestCRM -->
